<?xml version="1.0" encoding="UTF-8"?>
<!-- Generated by org.testng.reporters.JUnitReportReporter -->
<testsuite hostname="kalyani" failures="0" tests="1" name="com.Testcases.Allcustomerstest" time="24.973" errors="0" timestamp="2024-01-03T22:06:49 IST" skipped="0">
  <testcase classname="com.Testcases.Allcustomerstest" name="addcustomer" time="24.973"/>
</testsuite> <!-- com.Testcases.Allcustomerstest -->
